2023-07-25 11:19:58,982 DEBUG Horse: Создание Horse, имя: [Буцефал], скорость [2.4] 
2023-07-25 11:19:58,985 DEBUG Horse: Создание Horse, имя: [Туз Пик], скорость [2.5] 
2023-07-25 11:19:58,986 DEBUG Horse: Создание Horse, имя: [Зефир], скорость [2.6] 
2023-07-25 11:19:58,986 DEBUG Horse: Создание Horse, имя: [Пожар], скорость [2.7] 
2023-07-25 11:19:58,986 DEBUG Horse: Создание Horse, имя: [Лобстер], скорость [2.8] 
2023-07-25 11:19:58,986 DEBUG Horse: Создание Horse, имя: [Пегас], скорость [2.9] 
2023-07-25 11:19:58,986 DEBUG Horse: Создание Horse, имя: [Вишня], скорость [3.0] 
2023-07-25 11:19:58,988 DEBUG Hippodrome: Создание Hippodrome, лошадей: [7] 
2023-07-25 11:19:58,988 INFO  Main: Начало скачек. Количество участников: 7 
2023-07-25 11:20:19,401 INFO  Main: Окончание скачек. Победитель: Пегас 
2023-07-25 11:23:24,913 DEBUG Horse: Создание Horse, имя: [Буцефал], скорость [2.4] 
2023-07-25 11:23:24,915 DEBUG Horse: Создание Horse, имя: [Туз Пик], скорость [2.5] 
2023-07-25 11:23:24,915 DEBUG Horse: Создание Horse, имя: [Зефир], скорость [2.6] 
2023-07-25 11:23:24,915 DEBUG Horse: Создание Horse, имя: [Пожар], скорость [2.7] 
2023-07-25 11:23:24,915 DEBUG Horse: Создание Horse, имя: [Лобстер], скорость [2.8] 
2023-07-25 11:23:24,915 DEBUG Horse: Создание Horse, имя: [Пегас], скорость [2.9] 
2023-07-25 11:23:24,915 DEBUG Horse: Создание Horse, имя: [Вишня], скорость [3.0] 
2023-07-25 11:23:24,916 DEBUG Hippodrome: Создание Hippodrome, лошадей: [7] 
2023-07-25 11:23:24,916 INFO  Main: Начало скачек. Количество участников: 7 
2023-07-25 11:23:55,327 DEBUG Horse: Создание Horse, имя: [Буцефал], скорость [2.4] 
2023-07-25 11:23:55,330 DEBUG Horse: Создание Horse, имя: [Туз Пик], скорость [2.5] 
2023-07-25 11:23:55,330 DEBUG Horse: Создание Horse, имя: [Зефир], скорость [2.6] 
2023-07-25 11:23:55,330 DEBUG Horse: Создание Horse, имя: [Пожар], скорость [2.7] 
2023-07-25 11:23:55,330 DEBUG Horse: Создание Horse, имя: [Лобстер], скорость [2.8] 
2023-07-25 11:23:55,331 DEBUG Horse: Создание Horse, имя: [Пегас], скорость [2.9] 
2023-07-25 11:23:55,331 DEBUG Horse: Создание Horse, имя: [Вишня], скорость [3.0] 
2023-07-25 11:23:55,332 DEBUG Hippodrome: Создание Hippodrome, лошадей: [7] 
2023-07-25 11:23:55,332 INFO  Main: Начало скачек. Количество участников: 7 
